
 LIST ALL SELECTED NODES.   DSYS=      0
 SORT TABLE ON  NODE  NODE  NODE

   NODE        X                   Y                   Z
        1   0.110000000000E-001   0.100000000000E-003  -0.400000000000E-002
        2   0.500000000000E-002   0.100000000000E-003  -0.400000000000E-002
        3   0.950000000000E-002   0.100000000000E-003  -0.400000000000E-002
        4   0.800000000000E-002   0.100000000000E-003  -0.400000000000E-002
        5   0.650000000000E-002   0.100000000000E-003  -0.400000000000E-002
        6  -0.500000000000E-002   0.100000000000E-003  -0.400000000000E-002
        7   0.333333333300E-002   0.100000000000E-003  -0.400000000000E-002
        8   0.166666666700E-002   0.100000000000E-003  -0.400000000000E-002
        9   0.130104260700E-017   0.100000000000E-003  -0.400000000000E-002
       10  -0.166666666700E-002   0.100000000000E-003  -0.400000000000E-002
       11  -0.333333333300E-002   0.100000000000E-003  -0.400000000000E-002
       12  -0.110000000000E-001   0.100000000000E-003  -0.400000000000E-002
       13  -0.650000000000E-002   0.100000000000E-003  -0.400000000000E-002
       14  -0.800000000000E-002   0.100000000000E-003  -0.400000000000E-002
       15  -0.950000000000E-002   0.100000000000E-003  -0.400000000000E-002
       16  -0.110000000000E-001   0.100000000000E-003   0.200000000000E-002
       17  -0.110000000000E-001   0.100000000000E-003  -0.250000000000E-002
       18  -0.110000000000E-001   0.100000000000E-003  -0.100000000000E-002
       19  -0.110000000000E-001   0.100000000000E-003   0.500000000000E-003
       20  -0.170000000000E-001   0.100000000000E-003   0.200000000000E-002

   NODE        X                   Y                   Z
       21  -0.125000000000E-001   0.100000000000E-003   0.200000000000E-002
       22  -0.140000000000E-001   0.100000000000E-003   0.200000000000E-002
       23  -0.155000000000E-001   0.100000000000E-003   0.200000000000E-002
       24  -0.170000000000E-001   0.100000000000E-003   0.110000000000E-001
       25  -0.170000000000E-001   0.100000000000E-003   0.380000000000E-002
       26  -0.170000000000E-001   0.100000000000E-003   0.560000000000E-002
       27  -0.170000000000E-001   0.100000000000E-003   0.740000000000E-002
       28  -0.170000000000E-001   0.100000000000E-003   0.920000000000E-002
       29   0.170000000000E-001   0.100000000000E-003   0.110000000000E-001
       30  -0.151111111100E-001   0.100000000000E-003   0.110000000000E-001
       31  -0.132222222200E-001   0.100000000000E-003   0.110000000000E-001
       32  -0.113333333300E-001   0.100000000000E-003   0.110000000000E-001
       33  -0.944444444400E-002   0.100000000000E-003   0.110000000000E-001
       34  -0.755555555600E-002   0.100000000000E-003   0.110000000000E-001
       35  -0.566666666700E-002   0.100000000000E-003   0.110000000000E-001
       36  -0.377777777800E-002   0.100000000000E-003   0.110000000000E-001
       37  -0.188888888900E-002   0.100000000000E-003   0.110000000000E-001
       38  -0.216840434500E-017   0.100000000000E-003   0.110000000000E-001
       39   0.188888888900E-002   0.100000000000E-003   0.110000000000E-001
       40   0.377777777800E-002   0.100000000000E-003   0.110000000000E-001

   NODE        X                   Y                   Z
       41   0.566666666700E-002   0.100000000000E-003   0.110000000000E-001
       42   0.755555555600E-002   0.100000000000E-003   0.110000000000E-001
       43   0.944444444400E-002   0.100000000000E-003   0.110000000000E-001
       44   0.113333333300E-001   0.100000000000E-003   0.110000000000E-001
       45   0.132222222200E-001   0.100000000000E-003   0.110000000000E-001
       46   0.151111111100E-001   0.100000000000E-003   0.110000000000E-001
       47   0.170000000000E-001   0.100000000000E-003   0.200000000000E-002
       48   0.170000000000E-001   0.100000000000E-003   0.920000000000E-002
       49   0.170000000000E-001   0.100000000000E-003   0.740000000000E-002
       50   0.170000000000E-001   0.100000000000E-003   0.560000000000E-002
       51   0.170000000000E-001   0.100000000000E-003   0.380000000000E-002
       52   0.110000000000E-001   0.100000000000E-003   0.200000000000E-002
       53   0.155000000000E-001   0.100000000000E-003   0.200000000000E-002
       54   0.140000000000E-001   0.100000000000E-003   0.200000000000E-002
       55   0.125000000000E-001   0.100000000000E-003   0.200000000000E-002
       56   0.110000000000E-001   0.100000000000E-003   0.500000000000E-003
       57   0.110000000000E-001   0.100000000000E-003  -0.100000000000E-002
       58   0.110000000000E-001   0.100000000000E-003  -0.250000000000E-002
       59  -0.110000000000E-001  -0.100000000000E-002   0.200000000000E-002
       60  -0.170000000000E-001  -0.100000000000E-002   0.200000000000E-002

   NODE        X                   Y                   Z
       61  -0.125000000000E-001  -0.100000000000E-002   0.200000000000E-002
       62  -0.140000000000E-001  -0.100000000000E-002   0.200000000000E-002
       63  -0.155000000000E-001  -0.100000000000E-002   0.200000000000E-002
       64  -0.110000000000E-001  -0.100000000000E-002  -0.400000000000E-002
       65  -0.110000000000E-001  -0.100000000000E-002  -0.250000000000E-002
       66  -0.110000000000E-001  -0.100000000000E-002  -0.100000000000E-002
       67  -0.110000000000E-001  -0.100000000000E-002   0.500000000000E-003
       68  -0.500000000000E-002  -0.100000000000E-002  -0.400000000000E-002
       69  -0.650000000000E-002  -0.100000000000E-002  -0.400000000000E-002
       70  -0.800000000000E-002  -0.100000000000E-002  -0.400000000000E-002
       71  -0.950000000000E-002  -0.100000000000E-002  -0.400000000000E-002
       72  -0.500000000000E-002  -0.100000000000E-002  -0.800000000000E-002
       73  -0.500000000000E-002  -0.100000000000E-002  -0.666666666700E-002
       74  -0.500000000000E-002  -0.100000000000E-002  -0.533333333300E-002
       75   0.500000000000E-002  -0.100000000000E-002  -0.800000000000E-002
       76   0.333333333300E-002  -0.100000000000E-002  -0.800000000000E-002
       77   0.166666666700E-002  -0.100000000000E-002  -0.800000000000E-002
       78   0.433680869000E-018  -0.100000000000E-002  -0.800000000000E-002
       79  -0.166666666700E-002  -0.100000000000E-002  -0.800000000000E-002
       80  -0.333333333300E-002  -0.100000000000E-002  -0.800000000000E-002

   NODE        X                   Y                   Z
       81   0.500000000000E-002  -0.100000000000E-002  -0.400000000000E-002
       82   0.500000000000E-002  -0.100000000000E-002  -0.533333333300E-002
       83   0.500000000000E-002  -0.100000000000E-002  -0.666666666700E-002
       84   0.110000000000E-001  -0.100000000000E-002  -0.400000000000E-002
       85   0.950000000000E-002  -0.100000000000E-002  -0.400000000000E-002
       86   0.800000000000E-002  -0.100000000000E-002  -0.400000000000E-002
       87   0.650000000000E-002  -0.100000000000E-002  -0.400000000000E-002
       88   0.110000000000E-001  -0.100000000000E-002   0.200000000000E-002
       89   0.110000000000E-001  -0.100000000000E-002   0.500000000000E-003
       90   0.110000000000E-001  -0.100000000000E-002  -0.100000000000E-002
       91   0.110000000000E-001  -0.100000000000E-002  -0.250000000000E-002
       92   0.170000000000E-001  -0.100000000000E-002   0.200000000000E-002
       93   0.155000000000E-001  -0.100000000000E-002   0.200000000000E-002
       94   0.140000000000E-001  -0.100000000000E-002   0.200000000000E-002
       95   0.125000000000E-001  -0.100000000000E-002   0.200000000000E-002
       96   0.170000000000E-001  -0.100000000000E-002   0.110000000000E-001
       97   0.170000000000E-001  -0.100000000000E-002   0.920000000000E-002
       98   0.170000000000E-001  -0.100000000000E-002   0.740000000000E-002
       99   0.170000000000E-001  -0.100000000000E-002   0.560000000000E-002
      100   0.170000000000E-001  -0.100000000000E-002   0.380000000000E-002

   NODE        X                   Y                   Z
      101  -0.170000000000E-001  -0.100000000000E-002   0.110000000000E-001
      102  -0.151111111100E-001  -0.100000000000E-002   0.110000000000E-001
      103  -0.132222222200E-001  -0.100000000000E-002   0.110000000000E-001
      104  -0.113333333300E-001  -0.100000000000E-002   0.110000000000E-001
      105  -0.944444444400E-002  -0.100000000000E-002   0.110000000000E-001
      106  -0.755555555600E-002  -0.100000000000E-002   0.110000000000E-001
      107  -0.566666666700E-002  -0.100000000000E-002   0.110000000000E-001
      108  -0.377777777800E-002  -0.100000000000E-002   0.110000000000E-001
      109  -0.188888888900E-002  -0.100000000000E-002   0.110000000000E-001
      110  -0.216840434500E-017  -0.100000000000E-002   0.110000000000E-001
      111   0.188888888900E-002  -0.100000000000E-002   0.110000000000E-001
      112   0.377777777800E-002  -0.100000000000E-002   0.110000000000E-001
      113   0.566666666700E-002  -0.100000000000E-002   0.110000000000E-001
      114   0.755555555600E-002  -0.100000000000E-002   0.110000000000E-001
      115   0.944444444400E-002  -0.100000000000E-002   0.110000000000E-001
      116   0.113333333300E-001  -0.100000000000E-002   0.110000000000E-001
      117   0.132222222200E-001  -0.100000000000E-002   0.110000000000E-001
      118   0.151111111100E-001  -0.100000000000E-002   0.110000000000E-001
      119  -0.170000000000E-001  -0.100000000000E-002   0.380000000000E-002
      120  -0.170000000000E-001  -0.100000000000E-002   0.560000000000E-002

   NODE        X                   Y                   Z
      121  -0.170000000000E-001  -0.100000000000E-002   0.740000000000E-002
      122  -0.170000000000E-001  -0.100000000000E-002   0.920000000000E-002
      123   0.500000000000E-002   0.100000000000E-003  -0.800000000000E-002
      124   0.500000000000E-002   0.100000000000E-003  -0.533333333300E-002
      125   0.500000000000E-002   0.100000000000E-003  -0.666666666700E-002
      126  -0.500000000000E-002   0.100000000000E-003  -0.800000000000E-002
      127   0.333333333300E-002   0.100000000000E-003  -0.800000000000E-002
      128   0.166666666700E-002   0.100000000000E-003  -0.800000000000E-002
      129   0.433680869000E-018   0.100000000000E-003  -0.800000000000E-002
      130  -0.166666666700E-002   0.100000000000E-003  -0.800000000000E-002
      131  -0.333333333300E-002   0.100000000000E-003  -0.800000000000E-002
      132  -0.500000000000E-002   0.100000000000E-003  -0.666666666700E-002
      133  -0.500000000000E-002   0.100000000000E-003  -0.533333333300E-002
      134  -0.278094568100E-002  -0.100000000000E-002   0.390406188200E-002
      135   0.422254148200E-002  -0.100000000000E-002   0.327479719300E-002
      136  -0.154037274700E-002  -0.100000000000E-002  -0.356907933200E-002
      137  -0.392591497000E-004  -0.100000000000E-002  -0.147997497200E-002
      138  -0.519644799500E-002  -0.100000000000E-002   0.208922255500E-002
      139   0.911221483300E-002  -0.100000000000E-002   0.867476569300E-002
      140  -0.751656582000E-002  -0.100000000000E-002   0.772108889600E-002

   NODE        X                   Y                   Z
      141  -0.119166667600E-001  -0.100000000000E-002   0.650000001800E-002
      142  -0.110136805400E-004  -0.100000000000E-002   0.767678095000E-002
      143  -0.349999995300E-002  -0.100000000000E-002  -0.750000132600E-003
      144   0.120319065500E-001  -0.100000000000E-002   0.801470556600E-002
      145   0.361860945200E-002  -0.100000000000E-002   0.754274017600E-002
      146   0.537500006600E-002  -0.100000000000E-002  -0.625000102400E-003
      147  -0.653028838000E-002  -0.100000000000E-002  -0.152420927300E-002
      148   0.808139481600E-002  -0.100000000000E-002   0.218211386600E-002
      149   0.823243961800E-003  -0.100000000000E-002   0.353822775900E-002
      150   0.290224036100E-002  -0.100000000000E-002  -0.446773227400E-002
      151  -0.398625860200E-002  -0.100000000000E-002   0.808759405900E-002
      152   0.101718159100E-001  -0.100000000000E-002   0.501346765600E-002
      153   0.200291080000E-002  -0.100000000000E-002   0.626838637900E-003
      154   0.846273311800E-002  -0.100000000000E-002  -0.119804483000E-002
      155  -0.109034994200E-002  -0.100000000000E-002   0.125934406200E-002
      156  -0.919444439900E-002  -0.100000000000E-002   0.437500001400E-002
      157  -0.830082308300E-002  -0.100000000000E-002   0.153807975900E-002
      158   0.693287034900E-002  -0.100000000000E-002   0.593750000300E-002
      159   0.647671409200E-003  -0.100000000000E-002  -0.563157533300E-002
      160  -0.921474762900E-002  -0.100000000000E-002  -0.154676708900E-002

   NODE        X                   Y                   Z
      161  -0.132483823800E-001  -0.100000000000E-002   0.358276920900E-002
      162  -0.135138889300E-001  -0.100000000000E-002   0.874999997900E-002
      163   0.134259263700E-001  -0.100000000000E-002   0.439999999600E-002
      164  -0.148759479100E-001  -0.100000000000E-002   0.598715364200E-002
      165   0.610179408500E-002  -0.100000000000E-002   0.913686651900E-002
      166  -0.102616477700E-001  -0.100000000000E-002   0.884513881000E-002
      167  -0.636111106700E-002  -0.100000000000E-002   0.462499992900E-002
      168  -0.250000002200E-002  -0.100000000000E-002  -0.600000028500E-002
      169   0.876287994600E-003  -0.100000000000E-002  -0.341637268000E-002
      170   0.149259266100E-001  -0.100000000000E-002   0.800000005000E-002
      171   0.272628838200E-002  -0.100000000000E-002  -0.220636211200E-002
      172   0.316319437800E-002  -0.100000000000E-002  -0.621875018500E-002
      173   0.311111107800E-002   0.100000000000E-003   0.299999994800E-002
      174  -0.794324382000E-002   0.100000000000E-003   0.163960349000E-002
      175   0.896164026400E-002   0.100000000000E-003   0.836428569500E-002
      176  -0.109274742700E-001   0.100000000000E-003   0.634767073700E-002
      177  -0.530438271800E-002   0.100000000000E-003   0.773871221300E-002
      178   0.667305609300E-002   0.100000000000E-003   0.141275561000E-002
      179   0.125268782900E-001   0.100000000000E-003   0.721987421500E-002
      180  -0.533160621100E-002   0.100000000000E-003  -0.150459531300E-002

   NODE        X                   Y                   Z
      181   0.161406550100E-002   0.100000000000E-003  -0.739512844000E-003
      182   0.248891498500E-002   0.100000000000E-003   0.791638181100E-002
      183   0.643517006800E-002   0.100000000000E-003   0.533184440600E-002
      184  -0.178201891800E-002   0.100000000000E-003  -0.970121756700E-003
      185  -0.154314416800E-002   0.100000000000E-003   0.832072760300E-002
      186  -0.428688592900E-002   0.100000000000E-003   0.207756271000E-002
      187   0.985185181100E-002   0.100000000000E-003   0.500000004300E-002
      188  -0.142710849600E-001   0.100000000000E-003   0.598542745900E-002
      189   0.616314919200E-002   0.100000000000E-003  -0.179169518300E-002
      190  -0.847576147700E-002   0.100000000000E-003  -0.127921163400E-002
      191   0.891701072400E-002   0.100000000000E-003  -0.118092625500E-002
      192   0.134259263700E-001   0.100000000000E-003   0.439999999600E-002
      193   0.581428755300E-002   0.100000000000E-003   0.910208531900E-002
      194   0.427143829600E-002   0.100000000000E-003   0.193233932300E-003
      195  -0.134347994100E-001   0.100000000000E-003   0.883715507400E-002
      196  -0.123729042100E-001   0.100000000000E-003   0.380145163000E-002
      197  -0.888888887100E-002   0.100000000000E-003   0.874999997900E-002
      198  -0.310284607800E-002   0.100000000000E-003   0.505740376400E-002
      199  -0.943930219800E-002   0.100000000000E-003   0.411925446600E-002
      200  -0.148913318600E-001   0.100000000000E-003   0.392628731400E-002

   NODE        X                   Y                   Z
      201  -0.627268394000E-002   0.100000000000E-003   0.464602190700E-002
      202   0.370333117900E-002   0.100000000000E-003  -0.200558633300E-002
      203  -0.403315626300E-004   0.100000000000E-003   0.474027331500E-002
      204   0.149259266100E-001   0.100000000000E-003   0.800000005000E-002
      205   0.361111092700E-003   0.100000000000E-003   0.149999987700E-002
      206   0.919556899700E-002   0.100000000000E-003   0.127694467300E-002
      207  -0.811950694600E-002   0.100000000000E-003   0.628077903400E-002
      208   0.160061730200E-001  -0.450000000000E-003   0.960000001300E-002
      209   0.102500000000E-001   0.100000000000E-003  -0.400000000000E-002
      210   0.110000000000E-001   0.100000000000E-003  -0.325000000000E-002
      211   0.110000000000E-001  -0.450000000000E-003  -0.400000000000E-002
      212   0.102500000000E-001  -0.450000000000E-003  -0.400000000000E-002
      213   0.575000000000E-002   0.100000000000E-003  -0.400000000000E-002
      214   0.416666666700E-002   0.100000000000E-003  -0.400000000000E-002
      215   0.500000000000E-002  -0.450000000000E-003  -0.400000000000E-002
      216   0.500000000000E-002   0.100000000000E-003  -0.466666666700E-002
      217   0.558157459600E-002   0.100000000000E-003  -0.289584759100E-002
      218   0.435166559000E-002   0.100000000000E-003  -0.300279316700E-002
      219   0.875000000000E-002   0.100000000000E-003  -0.400000000000E-002
      220   0.102500000000E-001   0.100000000000E-003  -0.325000000000E-002

   NODE        X                   Y                   Z
      221   0.950000000000E-002  -0.450000000000E-003  -0.400000000000E-002
      222   0.875000000000E-002  -0.450000000000E-003  -0.400000000000E-002
      223   0.920850536200E-002   0.100000000000E-003  -0.259046312700E-002
      224   0.725000000000E-002   0.100000000000E-003  -0.400000000000E-002
      225   0.800000000000E-002  -0.450000000000E-003  -0.400000000000E-002
      226   0.725000000000E-002  -0.450000000000E-003  -0.400000000000E-002
      227   0.708157459600E-002   0.100000000000E-003  -0.289584759100E-002
      228   0.845850536200E-002   0.100000000000E-003  -0.259046312700E-002
      229   0.575000000000E-002  -0.450000000000E-003  -0.400000000000E-002
      230   0.650000000000E-002  -0.450000000000E-003  -0.400000000000E-002
      231   0.633157459600E-002   0.100000000000E-003  -0.289584759100E-002
      232  -0.416666666700E-002   0.100000000000E-003  -0.400000000000E-002
      233  -0.575000000000E-002   0.100000000000E-003  -0.400000000000E-002
      234  -0.500000000000E-002  -0.450000000000E-003  -0.400000000000E-002
      235  -0.575000000000E-002  -0.450000000000E-003  -0.400000000000E-002
      236  -0.500000000000E-002   0.100000000000E-003  -0.466666666700E-002
      237  -0.516580310500E-002   0.100000000000E-003  -0.275229765600E-002
      238   0.250000000000E-002   0.100000000000E-003  -0.400000000000E-002
      239   0.416666666700E-002  -0.450000000000E-003  -0.400000000000E-002
      240   0.416666666700E-002  -0.450000000000E-003  -0.466666666700E-002

   NODE        X                   Y                   Z
      241   0.416666666700E-002   0.100000000000E-003  -0.466666666700E-002
      242   0.416666666700E-002   0.100000000000E-003  -0.533333333300E-002
      243   0.333333333300E-002   0.100000000000E-003  -0.600000000000E-002
      244   0.311778684700E-002  -0.450000000000E-003  -0.423386613700E-002
      245   0.302981085800E-002  -0.450000000000E-003  -0.310318105600E-002
      246   0.324826385500E-002  -0.450000000000E-003  -0.510937509300E-002
      247   0.351833225600E-002   0.100000000000E-003  -0.300279316700E-002
      248   0.833333333300E-003   0.100000000000E-003  -0.400000000000E-002
      249   0.250000000000E-002   0.100000000000E-003  -0.600000000000E-002
      250   0.166666666700E-002   0.100000000000E-003  -0.600000000000E-002
      251   0.228445351400E-002  -0.450000000000E-003  -0.423386613700E-002
      252   0.115716903800E-002  -0.450000000000E-003  -0.481578766600E-002
      253   0.127147733100E-002  -0.450000000000E-003  -0.370818634000E-002
      254   0.219647752500E-002  -0.450000000000E-003  -0.310318105600E-002
      255   0.241493052200E-002  -0.450000000000E-003  -0.510937509300E-002
      256   0.164036608400E-002   0.100000000000E-003  -0.236975642200E-002
      257   0.268499892300E-002   0.100000000000E-003  -0.300279316700E-002
      258  -0.833333333300E-003   0.100000000000E-003  -0.400000000000E-002
      259   0.833333333300E-003   0.100000000000E-003  -0.600000000000E-002
      260   0.867361738000E-018   0.100000000000E-003  -0.600000000000E-002

   NODE        X                   Y                   Z
      261  -0.770186373600E-003  -0.450000000000E-003  -0.378453966600E-002
      262  -0.196295748500E-004  -0.450000000000E-003  -0.273998748600E-002
      263   0.323835704600E-003  -0.450000000000E-003  -0.481578766600E-002
      264   0.438143997300E-003  -0.450000000000E-003  -0.370818634000E-002
      265   0.807032750300E-003   0.100000000000E-003  -0.236975642200E-002
      266  -0.891009459000E-003   0.100000000000E-003  -0.248506087800E-002
      267  -0.250000000000E-002   0.100000000000E-003  -0.400000000000E-002
      268  -0.833333333300E-003   0.100000000000E-003  -0.600000000000E-002
      269  -0.166666666700E-002   0.100000000000E-003  -0.600000000000E-002
      270  -0.160351970700E-002  -0.450000000000E-003  -0.378453966600E-002
      271  -0.509497628700E-003  -0.450000000000E-003  -0.481578766600E-002
      272  -0.208333334400E-002  -0.450000000000E-003  -0.500000014200E-002
      273  -0.172434279200E-002   0.100000000000E-003  -0.248506087800E-002
      274  -0.416666666700E-002  -0.450000000000E-003  -0.400000000000E-002
      275  -0.250000000000E-002   0.100000000000E-003  -0.600000000000E-002
      276  -0.333333333300E-002   0.100000000000E-003  -0.600000000000E-002
      277  -0.416666666700E-002   0.100000000000E-003  -0.466666666700E-002
      278  -0.243685304000E-002  -0.450000000000E-003  -0.378453966600E-002
      279  -0.341666664300E-002  -0.450000000000E-003  -0.237500006600E-002
      280  -0.291666667800E-002  -0.450000000000E-003  -0.500000014200E-002

   NODE        X                   Y                   Z
      281  -0.433246977200E-002   0.100000000000E-003  -0.275229765600E-002
      282  -0.255767612600E-002   0.100000000000E-003  -0.248506087800E-002
      283  -0.102500000000E-001   0.100000000000E-003  -0.400000000000E-002
      284  -0.110000000000E-001   0.100000000000E-003  -0.325000000000E-002
      285  -0.110000000000E-001  -0.450000000000E-003  -0.400000000000E-002
      286  -0.110000000000E-001  -0.450000000000E-003  -0.325000000000E-002
      287  -0.725000000000E-002   0.100000000000E-003  -0.400000000000E-002
      288  -0.650000000000E-002  -0.450000000000E-003  -0.400000000000E-002
      289  -0.725000000000E-002  -0.450000000000E-003  -0.400000000000E-002
      290  -0.651514419000E-002  -0.450000000000E-003  -0.276210463600E-002
      291  -0.591580310500E-002   0.100000000000E-003  -0.275229765600E-002
      292  -0.748788073800E-002   0.100000000000E-003  -0.263960581700E-002
      293  -0.875000000000E-002   0.100000000000E-003  -0.400000000000E-002
      294  -0.800000000000E-002  -0.450000000000E-003  -0.400000000000E-002
      295  -0.875000000000E-002  -0.450000000000E-003  -0.400000000000E-002
      296  -0.726514419000E-002  -0.450000000000E-003  -0.276210463600E-002
      297  -0.860737381400E-002  -0.450000000000E-003  -0.277338354500E-002
      298  -0.823788073800E-002   0.100000000000E-003  -0.263960581700E-002
      299  -0.102500000000E-001   0.100000000000E-003  -0.325000000000E-002
      300  -0.102500000000E-001  -0.450000000000E-003  -0.400000000000E-002

   NODE        X                   Y                   Z
      301  -0.102500000000E-001  -0.450000000000E-003  -0.325000000000E-002
      302  -0.950000000000E-002  -0.450000000000E-003  -0.400000000000E-002
      303  -0.935737381400E-002  -0.450000000000E-003  -0.277338354500E-002
      304  -0.898788073800E-002   0.100000000000E-003  -0.263960581700E-002
      305  -0.110000000000E-001   0.100000000000E-003   0.125000000000E-002
      306  -0.117500000000E-001   0.100000000000E-003   0.200000000000E-002
      307  -0.110000000000E-001  -0.450000000000E-003   0.200000000000E-002
      308  -0.117500000000E-001  -0.450000000000E-003   0.200000000000E-002
      309  -0.965041154200E-002  -0.450000000000E-003   0.176903987900E-002
      310  -0.947162191000E-002   0.100000000000E-003   0.181980174500E-002
      311  -0.116864521100E-001   0.100000000000E-003   0.290072581500E-002
      312  -0.102196511000E-001   0.100000000000E-003   0.305962723300E-002
      313  -0.110000000000E-001   0.100000000000E-003  -0.175000000000E-002
      314  -0.110000000000E-001  -0.450000000000E-003  -0.250000000000E-002
      315  -0.110000000000E-001  -0.450000000000E-003  -0.175000000000E-002
      316  -0.101073738100E-001  -0.450000000000E-003  -0.202338354500E-002
      317  -0.973788073800E-002   0.100000000000E-003  -0.188960581700E-002
      318  -0.110000000000E-001   0.100000000000E-003  -0.250000000000E-003
      319  -0.110000000000E-001  -0.450000000000E-003  -0.100000000000E-002
      320  -0.110000000000E-001  -0.450000000000E-003  -0.250000000000E-003

   NODE        X                   Y                   Z
      321  -0.101073738100E-001  -0.450000000000E-003  -0.127338354500E-002
      322  -0.973788073800E-002   0.100000000000E-003  -0.113960581700E-002
      323  -0.110000000000E-001  -0.450000000000E-003   0.125000000000E-002
      324  -0.110000000000E-001  -0.450000000000E-003   0.500000000000E-003
      325  -0.965041154200E-002  -0.450000000000E-003   0.101903987900E-002
      326  -0.101073738100E-001  -0.450000000000E-003  -0.523383544700E-003
      327  -0.947162191000E-002   0.100000000000E-003   0.106980174500E-002
      328  -0.973788073800E-002   0.100000000000E-003  -0.389605816900E-003
      329  -0.162500000000E-001   0.100000000000E-003   0.200000000000E-002
      330  -0.170000000000E-001   0.100000000000E-003   0.290000000000E-002
      331  -0.170000000000E-001  -0.450000000000E-003   0.200000000000E-002
      332  -0.170000000000E-001  -0.450000000000E-003   0.290000000000E-002
      333  -0.132500000000E-001   0.100000000000E-003   0.200000000000E-002
      334  -0.125000000000E-001  -0.450000000000E-003   0.200000000000E-002
      335  -0.132500000000E-001  -0.450000000000E-003   0.200000000000E-002
      336  -0.124364521100E-001   0.100000000000E-003   0.290072581500E-002
      337  -0.147500000000E-001   0.100000000000E-003   0.200000000000E-002
      338  -0.140000000000E-001  -0.450000000000E-003   0.200000000000E-002
      339  -0.147500000000E-001  -0.450000000000E-003   0.200000000000E-002
      340  -0.136241911900E-001  -0.450000000000E-003   0.279138460500E-002

   NODE        X                   Y                   Z
      341  -0.131864521100E-001   0.100000000000E-003   0.290072581500E-002
      342  -0.144456659300E-001   0.100000000000E-003   0.296314365700E-002
      343  -0.162500000000E-001   0.100000000000E-003   0.290000000000E-002
      344  -0.162500000000E-001  -0.450000000000E-003   0.200000000000E-002
      345  -0.155000000000E-001  -0.450000000000E-003   0.200000000000E-002
      346  -0.162500000000E-001  -0.450000000000E-003   0.290000000000E-002
      347  -0.151956659300E-001   0.100000000000E-003   0.296314365700E-002
      348  -0.170000000000E-001   0.100000000000E-003   0.101000000000E-001
      349  -0.160555555600E-001   0.100000000000E-003   0.110000000000E-001
      350  -0.170000000000E-001  -0.450000000000E-003   0.110000000000E-001
      351  -0.170000000000E-001   0.100000000000E-003   0.470000000000E-002
      352  -0.170000000000E-001  -0.450000000000E-003   0.380000000000E-002
      353  -0.170000000000E-001  -0.450000000000E-003   0.470000000000E-002
      354  -0.159456659300E-001   0.100000000000E-003   0.386314365700E-002
      355  -0.170000000000E-001   0.100000000000E-003   0.650000000000E-002
      356  -0.170000000000E-001  -0.450000000000E-003   0.560000000000E-002
      357  -0.170000000000E-001  -0.450000000000E-003   0.650000000000E-002
      358  -0.159379739600E-001  -0.450000000000E-003   0.579357682100E-002
      359  -0.156355424800E-001   0.100000000000E-003   0.579271373000E-002
      360  -0.159456659300E-001   0.100000000000E-003   0.476314365700E-002

   NODE        X                   Y                   Z
      361  -0.170000000000E-001   0.100000000000E-003   0.830000000000E-002
      362  -0.170000000000E-001  -0.450000000000E-003   0.740000000000E-002
      363  -0.170000000000E-001  -0.450000000000E-003   0.830000000000E-002
      364  -0.152569444700E-001  -0.450000000000E-003   0.807499999000E-002
      365  -0.159379739600E-001  -0.450000000000E-003   0.669357682100E-002
      366  -0.156355424800E-001   0.100000000000E-003   0.669271373000E-002
      367  -0.152173997100E-001   0.100000000000E-003   0.811857753700E-002
      368  -0.160555555600E-001   0.100000000000E-003   0.101000000000E-001
      369  -0.170000000000E-001  -0.450000000000E-003   0.101000000000E-001
      370  -0.170000000000E-001  -0.450000000000E-003   0.920000000000E-002
      371  -0.152569444700E-001  -0.450000000000E-003   0.897499999000E-002
      372  -0.152173997100E-001   0.100000000000E-003   0.901857753700E-002
      373   0.160555555600E-001   0.100000000000E-003   0.110000000000E-001
      374   0.170000000000E-001   0.100000000000E-003   0.101000000000E-001
      375   0.170000000000E-001  -0.450000000000E-003   0.110000000000E-001
      376   0.160555555600E-001  -0.450000000000E-003   0.110000000000E-001
      377   0.165030865100E-001  -0.175000000000E-003   0.103000000100E-001
      378  -0.141666666700E-001   0.100000000000E-003   0.110000000000E-001
      379  -0.160555555600E-001  -0.450000000000E-003   0.110000000000E-001
      380  -0.151111111100E-001  -0.450000000000E-003   0.110000000000E-001

   NODE        X                   Y                   Z
      381  -0.141666666700E-001  -0.450000000000E-003   0.110000000000E-001
      382  -0.160555555600E-001  -0.450000000000E-003   0.101000000000E-001
      383  -0.143125000200E-001  -0.450000000000E-003   0.987499999000E-002
      384  -0.142729552600E-001   0.100000000000E-003   0.991857753700E-002
      385  -0.122777777800E-001   0.100000000000E-003   0.110000000000E-001
      386  -0.132222222200E-001  -0.450000000000E-003   0.110000000000E-001
      387  -0.122777777800E-001  -0.450000000000E-003   0.110000000000E-001
      388  -0.133285108200E-001   0.100000000000E-003   0.991857753700E-002
      389  -0.103888888900E-001   0.100000000000E-003   0.110000000000E-001
      390  -0.113333333300E-001  -0.450000000000E-003   0.110000000000E-001
      391  -0.103888888900E-001  -0.450000000000E-003   0.110000000000E-001
      392  -0.107974905500E-001  -0.450000000000E-003   0.992256940500E-002
      393  -0.123840663700E-001   0.100000000000E-003   0.991857753700E-002
      394  -0.101111111000E-001   0.100000000000E-003   0.987499999000E-002
      395  -0.850000000000E-002   0.100000000000E-003   0.110000000000E-001
      396  -0.944444444400E-002  -0.450000000000E-003   0.110000000000E-001
      397  -0.850000000000E-002  -0.450000000000E-003   0.110000000000E-001
      398  -0.916666665800E-002   0.100000000000E-003   0.987499999000E-002
      399  -0.661111111100E-002   0.100000000000E-003   0.110000000000E-001
      400  -0.755555555600E-002  -0.450000000000E-003   0.110000000000E-001

   NODE        X                   Y                   Z
      401  -0.753606068800E-002  -0.450000000000E-003   0.936054444800E-002
      402  -0.642996913700E-002   0.100000000000E-003   0.936935610600E-002
      403  -0.822222221300E-002   0.100000000000E-003   0.987499999000E-002
      404  -0.472222222200E-002   0.100000000000E-003   0.110000000000E-001
      405  -0.661111111100E-002  -0.450000000000E-003   0.110000000000E-001
      406  -0.566666666700E-002  -0.450000000000E-003   0.110000000000E-001
      407  -0.472222222200E-002  -0.450000000000E-003   0.110000000000E-001
      408  -0.659161624300E-002  -0.450000000000E-003   0.936054444800E-002
      409  -0.482646263400E-002  -0.450000000000E-003   0.954379702900E-002
      410  -0.548552469300E-002   0.100000000000E-003   0.936935610600E-002
      411  -0.283333333300E-002   0.100000000000E-003   0.110000000000E-001
      412  -0.377777777800E-002  -0.450000000000E-003   0.110000000000E-001
      413  -0.283333333300E-002  -0.450000000000E-003   0.110000000000E-001
      414  -0.388201819000E-002  -0.450000000000E-003   0.954379702900E-002
      415  -0.454108024800E-002   0.100000000000E-003   0.936935610600E-002
      416  -0.266046097300E-002   0.100000000000E-003   0.966036380200E-002
      417  -0.944444444400E-003   0.100000000000E-003   0.110000000000E-001
      418  -0.188888888900E-002  -0.450000000000E-003   0.110000000000E-001
      419  -0.171601652800E-002   0.100000000000E-003   0.966036380200E-002
      420   0.944444444400E-003   0.100000000000E-003   0.110000000000E-001

   NODE        X                   Y                   Z
      421  -0.944444444400E-003  -0.450000000000E-003   0.110000000000E-001
      422  -0.216840434500E-017  -0.450000000000E-003   0.110000000000E-001
      423  -0.550684026900E-005  -0.450000000000E-003   0.933839047500E-002
      424   0.124445749300E-002   0.100000000000E-003   0.945819090600E-002
      425  -0.771572084000E-003   0.100000000000E-003   0.966036380200E-002
      426   0.283333333300E-002   0.100000000000E-003   0.110000000000E-001
      427   0.944444444400E-003  -0.450000000000E-003   0.110000000000E-001
      428   0.188888888900E-002  -0.450000000000E-003   0.110000000000E-001
      429   0.283333333300E-002  -0.450000000000E-003   0.110000000000E-001
      430   0.938937604200E-003  -0.450000000000E-003   0.933839047500E-002
      431   0.218890193700E-002   0.100000000000E-003   0.945819090600E-002
      432   0.472222222200E-002   0.100000000000E-003   0.110000000000E-001
      433   0.377777777800E-002  -0.450000000000E-003   0.110000000000E-001
      434   0.472222222200E-002  -0.450000000000E-003   0.110000000000E-001
      435   0.313334638100E-002   0.100000000000E-003   0.945819090600E-002
      436   0.479603266500E-002   0.100000000000E-003   0.100510426600E-001
      437   0.661111111100E-002   0.100000000000E-003   0.110000000000E-001
      438   0.566666666700E-002  -0.450000000000E-003   0.110000000000E-001
      439   0.574047711000E-002   0.100000000000E-003   0.100510426600E-001
      440   0.850000000000E-002   0.100000000000E-003   0.110000000000E-001

   NODE        X                   Y                   Z
      441   0.661111111100E-002  -0.450000000000E-003   0.110000000000E-001
      442   0.755555555600E-002  -0.450000000000E-003   0.110000000000E-001
      443   0.833388519400E-002  -0.450000000000E-003   0.983738284700E-002
      444   0.682867482000E-002  -0.450000000000E-003   0.100684332600E-001
      445   0.825859791000E-002   0.100000000000E-003   0.968214284800E-002
      446   0.668492155400E-002   0.100000000000E-003   0.100510426600E-001
      447   0.103888888900E-001   0.100000000000E-003   0.110000000000E-001
      448   0.850000000000E-002  -0.450000000000E-003   0.110000000000E-001
      449   0.944444444400E-002  -0.450000000000E-003   0.110000000000E-001
      450   0.927832963900E-002  -0.450000000000E-003   0.983738284700E-002
      451   0.920304235400E-002   0.100000000000E-003   0.968214284800E-002
      452   0.122777777800E-001   0.100000000000E-003   0.110000000000E-001
      453   0.103888888900E-001  -0.450000000000E-003   0.110000000000E-001
      454   0.113333333300E-001  -0.450000000000E-003   0.110000000000E-001
      455   0.102227740800E-001  -0.450000000000E-003   0.983738284700E-002
      456   0.116826199400E-001  -0.450000000000E-003   0.950735278300E-002
      457   0.101474868000E-001   0.100000000000E-003   0.968214284800E-002
      458   0.119301058100E-001   0.100000000000E-003   0.910993710700E-002
      459   0.141666666700E-001   0.100000000000E-003   0.110000000000E-001
      460   0.122777777800E-001  -0.450000000000E-003   0.110000000000E-001

   NODE        X                   Y                   Z
      461   0.132222222200E-001  -0.450000000000E-003   0.110000000000E-001
      462   0.126270643800E-001  -0.450000000000E-003   0.950735278300E-002
      463   0.140740744200E-001  -0.450000000000E-003   0.950000002500E-002
      464   0.128745502600E-001   0.100000000000E-003   0.910993710700E-002
      465   0.140740744200E-001   0.100000000000E-003   0.950000002500E-002
      466   0.160555555600E-001   0.100000000000E-003   0.101000000000E-001
      467   0.141666666700E-001  -0.450000000000E-003   0.110000000000E-001
      468   0.151111111100E-001  -0.450000000000E-003   0.110000000000E-001
      469   0.150185188600E-001  -0.450000000000E-003   0.950000002500E-002
      470   0.150185188600E-001   0.100000000000E-003   0.950000002500E-002
      471   0.155586420700E-001  -0.175000000000E-003   0.103000000100E-001
      472   0.170000000000E-001   0.100000000000E-003   0.290000000000E-002
      473   0.162500000000E-001   0.100000000000E-003   0.200000000000E-002
      474   0.170000000000E-001  -0.450000000000E-003   0.200000000000E-002
      475   0.162500000000E-001  -0.450000000000E-003   0.200000000000E-002
      476   0.170000000000E-001   0.100000000000E-003   0.830000000000E-002
      477   0.170000000000E-001  -0.450000000000E-003   0.101000000000E-001
      478   0.170000000000E-001  -0.450000000000E-003   0.920000000000E-002
      479   0.159629633100E-001   0.100000000000E-003   0.860000002500E-002
      480   0.165030865100E-001  -0.175000000000E-003   0.940000000700E-002

   NODE        X                   Y                   Z
      481   0.170000000000E-001   0.100000000000E-003   0.650000000000E-002
      482   0.170000000000E-001  -0.450000000000E-003   0.830000000000E-002
      483   0.170000000000E-001  -0.450000000000E-003   0.740000000000E-002
      484   0.159629633100E-001   0.100000000000E-003   0.770000002500E-002
      485   0.170000000000E-001   0.100000000000E-003   0.470000000000E-002
      486   0.170000000000E-001  -0.450000000000E-003   0.650000000000E-002
      487   0.170000000000E-001  -0.450000000000E-003   0.560000000000E-002
      488   0.170000000000E-001  -0.450000000000E-003   0.470000000000E-002
      489   0.152129631800E-001  -0.450000000000E-003   0.499999999800E-002
      490   0.152129631800E-001   0.100000000000E-003   0.499999999800E-002
      491   0.159629633100E-001   0.100000000000E-003   0.680000002500E-002
      492   0.162500000000E-001   0.100000000000E-003   0.290000000000E-002
      493   0.170000000000E-001  -0.450000000000E-003   0.290000000000E-002
      494   0.162500000000E-001  -0.450000000000E-003   0.290000000000E-002
      495   0.170000000000E-001  -0.450000000000E-003   0.380000000000E-002
      496   0.152129631800E-001  -0.450000000000E-003   0.409999999800E-002
      497   0.152129631800E-001   0.100000000000E-003   0.409999999800E-002
      498   0.117500000000E-001   0.100000000000E-003   0.200000000000E-002
      499   0.110000000000E-001   0.100000000000E-003   0.125000000000E-002
      500   0.110000000000E-001  -0.450000000000E-003   0.200000000000E-002

   NODE        X                   Y                   Z
      501   0.110000000000E-001  -0.450000000000E-003   0.125000000000E-002
      502   0.954069740800E-002  -0.450000000000E-003   0.209105693300E-002
      503   0.105859079500E-001  -0.450000000000E-003   0.350673382800E-002
      504   0.122129631800E-001  -0.450000000000E-003   0.319999999800E-002
      505   0.104259259100E-001   0.100000000000E-003   0.350000002200E-002
      506   0.122129631800E-001   0.100000000000E-003   0.319999999800E-002
      507   0.100977845000E-001   0.100000000000E-003   0.163847233700E-002
      508   0.147500000000E-001   0.100000000000E-003   0.200000000000E-002
      509   0.155000000000E-001  -0.450000000000E-003   0.200000000000E-002
      510   0.147500000000E-001  -0.450000000000E-003   0.200000000000E-002
      511   0.144629631800E-001  -0.450000000000E-003   0.319999999800E-002
      512   0.144629631800E-001   0.100000000000E-003   0.319999999800E-002
      513   0.132500000000E-001   0.100000000000E-003   0.200000000000E-002
      514   0.140000000000E-001  -0.450000000000E-003   0.200000000000E-002
      515   0.132500000000E-001  -0.450000000000E-003   0.200000000000E-002
      516   0.137129631800E-001  -0.450000000000E-003   0.319999999800E-002
      517   0.137129631800E-001   0.100000000000E-003   0.319999999800E-002
      518   0.117500000000E-001  -0.450000000000E-003   0.200000000000E-002
      519   0.125000000000E-001  -0.450000000000E-003   0.200000000000E-002
      520   0.129629631800E-001  -0.450000000000E-003   0.319999999800E-002

   NODE        X                   Y                   Z
      521   0.129629631800E-001   0.100000000000E-003   0.319999999800E-002
      522   0.110000000000E-001   0.100000000000E-003  -0.250000000000E-003
      523   0.110000000000E-001  -0.450000000000E-003   0.500000000000E-003
      524   0.110000000000E-001  -0.450000000000E-003  -0.250000000000E-003
      525   0.995850536200E-002   0.100000000000E-003  -0.340463127400E-003
      526   0.100977845000E-001   0.100000000000E-003   0.888472336500E-003
      527   0.110000000000E-001   0.100000000000E-003  -0.175000000000E-002
      528   0.110000000000E-001  -0.450000000000E-003  -0.100000000000E-002
      529   0.110000000000E-001  -0.450000000000E-003  -0.175000000000E-002
      530   0.995850536200E-002   0.100000000000E-003  -0.109046312700E-002
      531   0.110000000000E-001  -0.450000000000E-003  -0.325000000000E-002
      532   0.102500000000E-001  -0.450000000000E-003  -0.325000000000E-002
      533   0.110000000000E-001  -0.450000000000E-003  -0.250000000000E-002
      534   0.995850536200E-002   0.100000000000E-003  -0.184046312700E-002
      535  -0.117500000000E-001  -0.100000000000E-002   0.200000000000E-002
      536  -0.110000000000E-001  -0.100000000000E-002   0.125000000000E-002
      537  -0.100972222000E-001  -0.100000000000E-002   0.318750000700E-002
      538  -0.965041154200E-002  -0.100000000000E-002   0.176903987900E-002
      539  -0.121241911900E-001  -0.100000000000E-002   0.279138460500E-002
      540  -0.116864521100E-001  -0.450000000000E-003   0.290072581500E-002

   NODE        X                   Y                   Z
      541  -0.102196511000E-001  -0.450000000000E-003   0.305962723300E-002
      542  -0.162500000000E-001  -0.100000000000E-002   0.200000000000E-002
      543  -0.170000000000E-001  -0.100000000000E-002   0.290000000000E-002
      544  -0.132500000000E-001  -0.100000000000E-002   0.200000000000E-002
      545  -0.128741911900E-001  -0.100000000000E-002   0.279138460500E-002
      546  -0.124364521100E-001  -0.450000000000E-003   0.290072581500E-002
      547  -0.147500000000E-001  -0.100000000000E-002   0.200000000000E-002
      548  -0.136241911900E-001  -0.100000000000E-002   0.279138460500E-002
      549  -0.131864521100E-001  -0.450000000000E-003   0.290072581500E-002
      550  -0.162500000000E-001  -0.100000000000E-002   0.290000000000E-002
      551  -0.143741911900E-001  -0.100000000000E-002   0.279138460500E-002
      552  -0.151956659300E-001  -0.450000000000E-003   0.296314365700E-002
      553  -0.110000000000E-001  -0.100000000000E-002  -0.325000000000E-002
      554  -0.102500000000E-001  -0.100000000000E-002  -0.400000000000E-002
      555  -0.110000000000E-001  -0.100000000000E-002  -0.175000000000E-002
      556  -0.102500000000E-001  -0.100000000000E-002  -0.325000000000E-002
      557  -0.101073738100E-001  -0.100000000000E-002  -0.202338354500E-002
      558  -0.110000000000E-001  -0.100000000000E-002  -0.250000000000E-003
      559  -0.101073738100E-001  -0.100000000000E-002  -0.127338354500E-002
      560  -0.965041154200E-002  -0.100000000000E-002   0.101903987900E-002

   NODE        X                   Y                   Z
      561  -0.101073738100E-001  -0.100000000000E-002  -0.523383544700E-003
      562  -0.575000000000E-002  -0.100000000000E-002  -0.400000000000E-002
      563  -0.500000000000E-002  -0.100000000000E-002  -0.466666666700E-002
      564  -0.500000000000E-002  -0.450000000000E-003  -0.466666666700E-002
      565  -0.327018637400E-002  -0.100000000000E-002  -0.378453966600E-002
      566  -0.424999997600E-002  -0.100000000000E-002  -0.237500006600E-002
      567  -0.576514419000E-002  -0.100000000000E-002  -0.276210463600E-002
      568  -0.375000001100E-002  -0.100000000000E-002  -0.500000014200E-002
      569  -0.516580310500E-002  -0.450000000000E-003  -0.275229765600E-002
      570  -0.725000000000E-002  -0.100000000000E-002  -0.400000000000E-002
      571  -0.651514419000E-002  -0.100000000000E-002  -0.276210463600E-002
      572  -0.591580310500E-002  -0.450000000000E-003  -0.275229765600E-002
      573  -0.875000000000E-002  -0.100000000000E-002  -0.400000000000E-002
      574  -0.726514419000E-002  -0.100000000000E-002  -0.276210463600E-002
      575  -0.860737381400E-002  -0.100000000000E-002  -0.277338354500E-002
      576  -0.935737381400E-002  -0.100000000000E-002  -0.277338354500E-002
      577  -0.500000000000E-002  -0.100000000000E-002  -0.733333333300E-002
      578  -0.416666666700E-002  -0.100000000000E-002  -0.800000000000E-002
      579  -0.500000000000E-002  -0.450000000000E-003  -0.800000000000E-002
      580  -0.500000000000E-002  -0.100000000000E-002  -0.600000000000E-002

   NODE        X                   Y                   Z
      581  -0.416666666700E-002  -0.100000000000E-002  -0.733333333300E-002
      582  -0.500000000000E-002  -0.450000000000E-003  -0.733333333300E-002
      583  -0.500000000000E-002  -0.450000000000E-003  -0.666666666700E-002
      584  -0.500000000000E-002  -0.450000000000E-003  -0.600000000000E-002
      585  -0.375000001100E-002  -0.100000000000E-002  -0.633333347600E-002
      586  -0.500000000000E-002  -0.450000000000E-003  -0.533333333300E-002
      587  -0.375000001100E-002  -0.100000000000E-002  -0.566666680900E-002
      588   0.416666666700E-002  -0.100000000000E-002  -0.800000000000E-002
      589   0.500000000000E-002  -0.100000000000E-002  -0.733333333300E-002
      590   0.500000000000E-002  -0.450000000000E-003  -0.800000000000E-002
      591   0.250000000000E-002  -0.100000000000E-002  -0.800000000000E-002
      592   0.416666666700E-002  -0.100000000000E-002  -0.733333333300E-002
      593   0.416666666700E-002  -0.450000000000E-003  -0.800000000000E-002
      594   0.333333333300E-002  -0.450000000000E-003  -0.800000000000E-002
      595   0.250000000000E-002  -0.450000000000E-003  -0.800000000000E-002
      596   0.324826385500E-002  -0.100000000000E-002  -0.710937509300E-002
      597   0.833333333300E-003  -0.100000000000E-002  -0.800000000000E-002
      598   0.166666666700E-002  -0.450000000000E-003  -0.800000000000E-002
      599   0.115716903800E-002  -0.100000000000E-002  -0.681578766600E-002
      600   0.241493052200E-002  -0.100000000000E-002  -0.710937509300E-002

   NODE        X                   Y                   Z
      601  -0.833333333300E-003  -0.100000000000E-002  -0.800000000000E-002
      602   0.833333333300E-003  -0.450000000000E-003  -0.800000000000E-002
      603   0.433680869000E-018  -0.450000000000E-003  -0.800000000000E-002
      604   0.323835704600E-003  -0.100000000000E-002  -0.681578766600E-002
      605  -0.250000000000E-002  -0.100000000000E-002  -0.800000000000E-002
      606  -0.833333333300E-003  -0.450000000000E-003  -0.800000000000E-002
      607  -0.166666666700E-002  -0.450000000000E-003  -0.800000000000E-002
      608  -0.509497628700E-003  -0.100000000000E-002  -0.681578766600E-002
      609  -0.208333334400E-002  -0.100000000000E-002  -0.700000014200E-002
      610  -0.416666666700E-002  -0.450000000000E-003  -0.800000000000E-002
      611  -0.250000000000E-002  -0.450000000000E-003  -0.800000000000E-002
      612  -0.333333333300E-002  -0.450000000000E-003  -0.800000000000E-002
      613  -0.416666666700E-002  -0.450000000000E-003  -0.733333333300E-002
      614  -0.291666667800E-002  -0.100000000000E-002  -0.700000014200E-002
      615   0.500000000000E-002  -0.100000000000E-002  -0.466666666700E-002
      616   0.575000000000E-002  -0.100000000000E-002  -0.400000000000E-002
      617   0.500000000000E-002  -0.450000000000E-003  -0.466666666700E-002
      618   0.518750003300E-002  -0.100000000000E-002  -0.231250005100E-002
      619   0.395112018000E-002  -0.100000000000E-002  -0.423386613700E-002
      620   0.386314419100E-002  -0.100000000000E-002  -0.310318105600E-002

   NODE        X                   Y                   Z
      621   0.558157459600E-002  -0.450000000000E-003  -0.289584759100E-002
      622   0.435166559000E-002  -0.450000000000E-003  -0.300279316700E-002
      623   0.500000000000E-002  -0.100000000000E-002  -0.600000000000E-002
      624   0.500000000000E-002  -0.450000000000E-003  -0.533333333300E-002
      625   0.500000000000E-002  -0.450000000000E-003  -0.600000000000E-002
      626   0.395112018000E-002  -0.100000000000E-002  -0.490053280400E-002
      627   0.408159718900E-002  -0.100000000000E-002  -0.577604175900E-002
      628   0.500000000000E-002  -0.450000000000E-003  -0.733333333300E-002
      629   0.500000000000E-002  -0.450000000000E-003  -0.666666666700E-002
      630   0.416666666700E-002  -0.450000000000E-003  -0.733333333300E-002
      631   0.408159718900E-002  -0.100000000000E-002  -0.644270842600E-002
      632   0.102500000000E-001  -0.100000000000E-002  -0.400000000000E-002
      633   0.110000000000E-001  -0.100000000000E-002  -0.325000000000E-002
      634   0.875000000000E-002  -0.100000000000E-002  -0.400000000000E-002
      635   0.102500000000E-001  -0.100000000000E-002  -0.325000000000E-002
      636   0.898136655900E-002  -0.100000000000E-002  -0.259902241500E-002
      637   0.920850536200E-002  -0.450000000000E-003  -0.259046312700E-002
      638   0.725000000000E-002  -0.100000000000E-002  -0.400000000000E-002
      639   0.823136655900E-002  -0.100000000000E-002  -0.259902241500E-002
      640   0.708157459600E-002  -0.450000000000E-003  -0.289584759100E-002

   NODE        X                   Y                   Z
      641   0.845850536200E-002  -0.450000000000E-003  -0.259046312700E-002
      642   0.593750003300E-002  -0.100000000000E-002  -0.231250005100E-002
      643   0.748136655900E-002  -0.100000000000E-002  -0.259902241500E-002
      644   0.633157459600E-002  -0.450000000000E-003  -0.289584759100E-002
      645   0.110000000000E-001  -0.100000000000E-002   0.125000000000E-002
      646   0.117500000000E-001  -0.100000000000E-002   0.200000000000E-002
      647   0.954069740800E-002  -0.100000000000E-002   0.209105693300E-002
      648   0.105859079500E-001  -0.100000000000E-002   0.350673382800E-002
      649   0.122129631800E-001  -0.100000000000E-002   0.319999999800E-002
      650   0.110000000000E-001  -0.100000000000E-002  -0.250000000000E-003
      651   0.954069740800E-002  -0.100000000000E-002   0.134105693300E-002
      652   0.973136655900E-002  -0.100000000000E-002  -0.349022415000E-003
      653   0.995850536200E-002  -0.450000000000E-003  -0.340463127400E-003
      654   0.100977845000E-001  -0.450000000000E-003   0.888472336500E-003
      655   0.110000000000E-001  -0.100000000000E-002  -0.175000000000E-002
      656   0.973136655900E-002  -0.100000000000E-002  -0.109902241500E-002
      657   0.995850536200E-002  -0.450000000000E-003  -0.109046312700E-002
      658   0.973136655900E-002  -0.100000000000E-002  -0.184902241500E-002
      659   0.995850536200E-002  -0.450000000000E-003  -0.184046312700E-002
      660   0.162500000000E-001  -0.100000000000E-002   0.200000000000E-002

   NODE        X                   Y                   Z
      661   0.170000000000E-001  -0.100000000000E-002   0.290000000000E-002
      662   0.147500000000E-001  -0.100000000000E-002   0.200000000000E-002
      663   0.162500000000E-001  -0.100000000000E-002   0.290000000000E-002
      664   0.144629631800E-001  -0.100000000000E-002   0.319999999800E-002
      665   0.132500000000E-001  -0.100000000000E-002   0.200000000000E-002
      666   0.137129631800E-001  -0.100000000000E-002   0.319999999800E-002
      667   0.129629631800E-001  -0.100000000000E-002   0.319999999800E-002
      668   0.170000000000E-001  -0.100000000000E-002   0.101000000000E-001
      669   0.160555555600E-001  -0.100000000000E-002   0.110000000000E-001
      670   0.165030865100E-001  -0.725000000000E-003   0.103000000100E-001
      671   0.170000000000E-001  -0.100000000000E-002   0.830000000000E-002
      672   0.160555555600E-001  -0.100000000000E-002   0.101000000000E-001
      673   0.159629633100E-001  -0.100000000000E-002   0.860000002500E-002
      674   0.159629633100E-001  -0.450000000000E-003   0.860000002500E-002
      675   0.165030865100E-001  -0.725000000000E-003   0.940000000700E-002
      676   0.170000000000E-001  -0.100000000000E-002   0.650000000000E-002
      677   0.159629633100E-001  -0.100000000000E-002   0.770000002500E-002
      678   0.159629633100E-001  -0.450000000000E-003   0.770000002500E-002
      679   0.170000000000E-001  -0.100000000000E-002   0.470000000000E-002
      680   0.152129631800E-001  -0.100000000000E-002   0.499999999800E-002

   NODE        X                   Y                   Z
      681   0.159629633100E-001  -0.100000000000E-002   0.680000002500E-002
      682   0.159629633100E-001  -0.450000000000E-003   0.680000002500E-002
      683   0.152129631800E-001  -0.100000000000E-002   0.409999999800E-002
      684  -0.160555555600E-001  -0.100000000000E-002   0.110000000000E-001
      685  -0.170000000000E-001  -0.100000000000E-002   0.101000000000E-001
      686  -0.141666666700E-001  -0.100000000000E-002   0.110000000000E-001
      687  -0.160555555600E-001  -0.100000000000E-002   0.101000000000E-001
      688  -0.143125000200E-001  -0.100000000000E-002   0.987499999000E-002
      689  -0.122777777800E-001  -0.100000000000E-002   0.110000000000E-001
      690  -0.133680555800E-001  -0.100000000000E-002   0.987499999000E-002
      691  -0.133285108200E-001  -0.450000000000E-003   0.991857753700E-002
      692  -0.103888888900E-001  -0.100000000000E-002   0.110000000000E-001
      693  -0.124236111300E-001  -0.100000000000E-002   0.987499999000E-002
      694  -0.107974905500E-001  -0.100000000000E-002   0.992256940500E-002
      695  -0.123840663700E-001  -0.450000000000E-003   0.991857753700E-002
      696  -0.850000000000E-002  -0.100000000000E-002   0.110000000000E-001
      697  -0.848050513200E-002  -0.100000000000E-002   0.936054444800E-002
      698  -0.985304610700E-002  -0.100000000000E-002   0.992256940500E-002
      699  -0.916666665800E-002  -0.450000000000E-003   0.987499999000E-002
      700  -0.661111111100E-002  -0.100000000000E-002   0.110000000000E-001

   NODE        X                   Y                   Z
      701  -0.753606068800E-002  -0.100000000000E-002   0.936054444800E-002
      702  -0.822222221300E-002  -0.450000000000E-003   0.987499999000E-002
      703  -0.472222222200E-002  -0.100000000000E-002   0.110000000000E-001
      704  -0.659161624300E-002  -0.100000000000E-002   0.936054444800E-002
      705  -0.482646263400E-002  -0.100000000000E-002   0.954379702900E-002
      706  -0.283333333300E-002  -0.100000000000E-002   0.110000000000E-001
      707  -0.388201819000E-002  -0.100000000000E-002   0.954379702900E-002
      708  -0.944444444400E-003  -0.100000000000E-002   0.110000000000E-001
      709  -0.949951284700E-003  -0.100000000000E-002   0.933839047500E-002
      710  -0.293757374500E-002  -0.100000000000E-002   0.954379702900E-002
      711  -0.171601652800E-002  -0.450000000000E-003   0.966036380200E-002
      712   0.944444444400E-003  -0.100000000000E-002   0.110000000000E-001
      713  -0.550684026900E-005  -0.100000000000E-002   0.933839047500E-002
      714   0.283333333300E-002  -0.100000000000E-002   0.110000000000E-001
      715   0.938937604200E-003  -0.100000000000E-002   0.933839047500E-002
      716   0.275374917000E-002  -0.100000000000E-002   0.927137008800E-002
      717   0.218890193700E-002  -0.450000000000E-003   0.945819090600E-002
      718   0.472222222200E-002  -0.100000000000E-002   0.110000000000E-001
      719   0.369819361500E-002  -0.100000000000E-002   0.927137008800E-002
      720   0.493978593100E-002  -0.100000000000E-002   0.100684332600E-001

   NODE        X                   Y                   Z
      721   0.313334638100E-002  -0.450000000000E-003   0.945819090600E-002
      722   0.479603266500E-002  -0.450000000000E-003   0.100510426600E-001
      723   0.661111111100E-002  -0.100000000000E-002   0.110000000000E-001
      724   0.588423037600E-002  -0.100000000000E-002   0.100684332600E-001
      725   0.574047711000E-002  -0.450000000000E-003   0.100510426600E-001
      726   0.850000000000E-002  -0.100000000000E-002   0.110000000000E-001
      727   0.833388519400E-002  -0.100000000000E-002   0.983738284700E-002
      728   0.682867482000E-002  -0.100000000000E-002   0.100684332600E-001
      729   0.103888888900E-001  -0.100000000000E-002   0.110000000000E-001
      730   0.927832963900E-002  -0.100000000000E-002   0.983738284700E-002
      731   0.122777777800E-001  -0.100000000000E-002   0.110000000000E-001
      732   0.102227740800E-001  -0.100000000000E-002   0.983738284700E-002
      733   0.116826199400E-001  -0.100000000000E-002   0.950735278300E-002
      734   0.141666666700E-001  -0.100000000000E-002   0.110000000000E-001
      735   0.126270643800E-001  -0.100000000000E-002   0.950735278300E-002
      736   0.140740744200E-001  -0.100000000000E-002   0.950000002500E-002
      737   0.150185188600E-001  -0.100000000000E-002   0.950000002500E-002
      738   0.155586420700E-001  -0.725000000000E-003   0.103000000100E-001
      739  -0.170000000000E-001  -0.100000000000E-002   0.470000000000E-002
      740  -0.151241911900E-001  -0.100000000000E-002   0.369138460500E-002

   NODE        X                   Y                   Z
      741  -0.159379739600E-001  -0.100000000000E-002   0.489357682100E-002
      742  -0.159456659300E-001  -0.450000000000E-003   0.386314365700E-002
      743  -0.170000000000E-001  -0.100000000000E-002   0.650000000000E-002
      744  -0.159379739600E-001  -0.100000000000E-002   0.579357682100E-002
      745  -0.159456659300E-001  -0.450000000000E-003   0.476314365700E-002
      746  -0.170000000000E-001  -0.100000000000E-002   0.830000000000E-002
      747  -0.152569444700E-001  -0.100000000000E-002   0.807499999000E-002
      748  -0.159379739600E-001  -0.100000000000E-002   0.669357682100E-002
      749  -0.152569444700E-001  -0.100000000000E-002   0.897499999000E-002
      750   0.500000000000E-002   0.100000000000E-003  -0.733333333300E-002
      751   0.416666666700E-002   0.100000000000E-003  -0.800000000000E-002
      752   0.500000000000E-002   0.100000000000E-003  -0.600000000000E-002
      753   0.416666666700E-002   0.100000000000E-003  -0.733333333300E-002
      754   0.408159718900E-002  -0.450000000000E-003  -0.644270842600E-002
      755  -0.416666666700E-002   0.100000000000E-003  -0.800000000000E-002
      756  -0.500000000000E-002   0.100000000000E-003  -0.733333333300E-002
      757   0.250000000000E-002   0.100000000000E-003  -0.800000000000E-002
      758   0.324826385500E-002  -0.450000000000E-003  -0.710937509300E-002
      759   0.833333333300E-003   0.100000000000E-003  -0.800000000000E-002
      760   0.115716903800E-002  -0.450000000000E-003  -0.681578766600E-002

   NODE        X                   Y                   Z
      761   0.241493052200E-002  -0.450000000000E-003  -0.710937509300E-002
      762  -0.833333333300E-003   0.100000000000E-003  -0.800000000000E-002
      763   0.323835704600E-003  -0.450000000000E-003  -0.681578766600E-002
      764  -0.250000000000E-002   0.100000000000E-003  -0.800000000000E-002
      765  -0.509497628700E-003  -0.450000000000E-003  -0.681578766600E-002
      766  -0.208333334400E-002  -0.450000000000E-003  -0.700000014200E-002
      767  -0.416666666700E-002   0.100000000000E-003  -0.733333333300E-002
      768  -0.416666666700E-002   0.100000000000E-003  -0.666666666700E-002
      769  -0.291666667800E-002  -0.450000000000E-003  -0.700000014200E-002
      770  -0.500000000000E-002   0.100000000000E-003  -0.600000000000E-002
      771  -0.375000001100E-002  -0.450000000000E-003  -0.633333347600E-002
      772  -0.375000001100E-002  -0.450000000000E-003  -0.566666680900E-002
      773  -0.398869683800E-002  -0.100000000000E-002   0.299664221800E-002
      774  -0.139597968100E-002  -0.100000000000E-002   0.579042141600E-002
      775  -0.978850859700E-003  -0.100000000000E-002   0.372114482000E-002
      776  -0.338360214200E-002  -0.100000000000E-002   0.599582797000E-002
      777  -0.193564781200E-002  -0.100000000000E-002   0.258170297200E-002
      778  -0.457102837400E-002  -0.100000000000E-002   0.426453090500E-002
      779  -0.353391580500E-002  -0.450000000000E-003   0.299081229600E-002
      780  -0.294189588000E-002  -0.450000000000E-003   0.448073282300E-002

   NODE        X                   Y                   Z
      781  -0.452681481100E-002  -0.450000000000E-003   0.427504189400E-002
      782  -0.141063862200E-002  -0.450000000000E-003   0.432216759800E-002
      783  -0.120991729400E-002  -0.450000000000E-003   0.270203088000E-002
      784   0.392057546700E-002  -0.100000000000E-002   0.540876868500E-002
      785   0.479877077400E-002  -0.100000000000E-002   0.132489854500E-002
      786   0.615196814900E-002  -0.100000000000E-002   0.272845553000E-002
      787   0.252289272200E-002  -0.100000000000E-002   0.340651247600E-002
      788   0.311272614100E-002  -0.100000000000E-002   0.195081791500E-002
      789   0.557770591500E-002  -0.100000000000E-002   0.460614859800E-002
      790   0.366682628000E-002  -0.450000000000E-003   0.313739857100E-002
      791   0.544779878700E-002  -0.450000000000E-003   0.234377640100E-002
      792   0.532885577500E-002  -0.450000000000E-003   0.430332080000E-002
      793   0.424698988900E-002  -0.450000000000E-003   0.173401556300E-002
      794  -0.789815948400E-003  -0.100000000000E-002  -0.252452715200E-002
      795  -0.252018635000E-002  -0.100000000000E-002  -0.215953973300E-002
      796  -0.446350669000E-003  -0.100000000000E-002  -0.460032733300E-002
      797  -0.202018638400E-002  -0.100000000000E-002  -0.478453980900E-002
      798  -0.332042376300E-003  -0.100000000000E-002  -0.349272600600E-002
      799  -0.166119583300E-002  -0.450000000000E-003  -0.226960054500E-002
      800  -0.176962955100E-002  -0.100000000000E-002  -0.111498755200E-002

   NODE        X                   Y                   Z
      801   0.981825825200E-003  -0.100000000000E-002  -0.426568167100E-003
      802  -0.564804545900E-003  -0.100000000000E-002  -0.110315454800E-003
      803   0.418514422500E-003  -0.100000000000E-002  -0.244817382600E-002
      804   0.134351461600E-002  -0.100000000000E-002  -0.184316854200E-002
      805   0.787403175400E-003  -0.450000000000E-003  -0.110974390800E-002
      806  -0.910639033900E-003  -0.450000000000E-003  -0.122504836400E-002
      807   0.160925971500E-003  -0.450000000000E-003   0.100124525700E-004
      808  -0.434822397400E-002  -0.100000000000E-002   0.669611211200E-003
      809  -0.586336818700E-002  -0.100000000000E-002   0.282506641200E-003
      810  -0.314339896800E-002  -0.100000000000E-002   0.167428330900E-002
      811  -0.674863553900E-002  -0.100000000000E-002   0.181365115700E-002
      812  -0.577877953100E-002  -0.100000000000E-002   0.335711124200E-002
      813  -0.656984590700E-002  -0.450000000000E-003   0.186441302200E-002
      814  -0.526402710300E-002  -0.450000000000E-003   0.292313621000E-003
      815  -0.474166696200E-002  -0.450000000000E-003   0.208339263300E-002
      816  -0.573456596700E-002  -0.450000000000E-003   0.336762223100E-002
      817   0.105720606900E-001  -0.100000000000E-002   0.834473562900E-002
      818   0.964201536900E-002  -0.100000000000E-002   0.684411667400E-002
      819   0.802254259100E-002  -0.100000000000E-002   0.730613284800E-002
      820   0.760700445900E-002  -0.100000000000E-002   0.890581610600E-002

   NODE        X                   Y                   Z
      821   0.903692754900E-002  -0.450000000000E-003   0.851952569400E-002
      822  -0.575141221100E-002  -0.100000000000E-002   0.790434147800E-002
      823  -0.835550511000E-002  -0.100000000000E-002   0.604804445500E-002
      824  -0.888910679500E-002  -0.100000000000E-002   0.828311385300E-002
      825  -0.693883844400E-002  -0.100000000000E-002   0.617304441200E-002
      826  -0.641047426900E-002  -0.450000000000E-003   0.772990055400E-002
      827  -0.820272734600E-002  -0.450000000000E-003   0.823554443800E-002
      828  -0.781803638300E-002  -0.450000000000E-003   0.700093396500E-002
      829  -0.105555555800E-001  -0.100000000000E-002   0.543750001600E-002
      830  -0.125825245700E-001  -0.100000000000E-002   0.504138461300E-002
      831  -0.127152778400E-001  -0.100000000000E-002   0.762499999800E-002
      832  -0.133963073300E-001  -0.100000000000E-002   0.624357683000E-002
      833  -0.110891572600E-001  -0.100000000000E-002   0.767256941400E-002
      834  -0.114220705100E-001  -0.450000000000E-003   0.642383537700E-002
      835  -0.130938758600E-001  -0.450000000000E-003   0.624271373800E-002
      836  -0.126757330900E-001  -0.450000000000E-003   0.766857754600E-002
      837  -0.121447854800E-001  -0.450000000000E-003   0.515072582400E-002
      838   0.180379788600E-002  -0.100000000000E-002   0.760976056300E-002
      839   0.406115140600E-003  -0.100000000000E-002   0.560750435400E-002
      840  -0.199863614100E-002  -0.100000000000E-002   0.788218750500E-002

   NODE        X                   Y                   Z
      841   0.123895065200E-002  -0.450000000000E-003   0.779658138100E-002
      842  -0.777078924200E-003  -0.450000000000E-003   0.799875427700E-002
      843  -0.155692987900E-002  -0.450000000000E-003   0.636709235700E-002
      844  -0.256726215900E-004  -0.450000000000E-003   0.620852713300E-002
      845  -0.501514416600E-002  -0.100000000000E-002  -0.113710470300E-002
      846  -0.229517494700E-002  -0.100000000000E-002   0.254671964900E-003
      847  -0.441580308200E-002  -0.450000000000E-003  -0.112729772300E-002
      848  -0.264100943500E-002  -0.450000000000E-003  -0.860060944600E-003
      849  -0.389344294100E-002  -0.450000000000E-003   0.663781288900E-003
      850   0.111018612300E-001  -0.100000000000E-002   0.651408661100E-002
      851   0.127289164600E-001  -0.100000000000E-002   0.620735278100E-002
      852   0.134789165800E-001  -0.100000000000E-002   0.800735280800E-002
      853   0.104967734000E-001  -0.450000000000E-003   0.818949563000E-002
      854   0.122793924200E-001  -0.450000000000E-003   0.761728989000E-002
      855   0.134789165800E-001  -0.450000000000E-003   0.800735280800E-002
      856   0.222092670700E-002  -0.100000000000E-002   0.554048396700E-002
      857   0.527573990100E-002  -0.100000000000E-002   0.674012009000E-002
      858   0.486020176800E-002  -0.100000000000E-002   0.833980334800E-002
      859   0.336486026500E-002  -0.450000000000E-003   0.527137006200E-002
      860   0.305376221900E-002  -0.450000000000E-003   0.772956099400E-002

   NODE        X                   Y                   Z
      861   0.502688976000E-002  -0.450000000000E-003   0.643729229100E-002
      862   0.471644850200E-002  -0.450000000000E-003   0.832241274700E-002
      863   0.672819744100E-002  -0.100000000000E-002   0.778556881800E-003
      864   0.368895543300E-002  -0.100000000000E-002   0.919267723100E-006
      865   0.691886659200E-002  -0.100000000000E-002  -0.911522466300E-003
      866   0.405064422400E-002  -0.100000000000E-002  -0.141568110700E-002
      867   0.602402807900E-002  -0.450000000000E-003   0.393877753600E-003
      868   0.576907462900E-002  -0.450000000000E-003  -0.120834764300E-002
      869   0.482321918100E-002  -0.450000000000E-003  -0.215883085100E-003
      870   0.453916562300E-002  -0.450000000000E-003  -0.131529321800E-002
      871  -0.741555573200E-002  -0.100000000000E-002   0.693524319300E-005
      872  -0.787251800400E-002  -0.100000000000E-002  -0.153548818100E-002
      873  -0.723676610000E-002  -0.450000000000E-003   0.576971085000E-004
      874  -0.593094729500E-002  -0.450000000000E-003  -0.151440229300E-002
      875  -0.750302492800E-002  -0.450000000000E-003  -0.140171045300E-002
      876   0.912660536000E-002  -0.100000000000E-002   0.359779076100E-002
      877   0.827206396700E-002  -0.100000000000E-002   0.492034518000E-003
      878   0.750713258200E-002  -0.100000000000E-002   0.405980693500E-002
      879   0.737722545400E-002  -0.450000000000E-003   0.179743473800E-002
      880   0.725828244200E-002  -0.450000000000E-003   0.375697913600E-002

   NODE        X                   Y                   Z
      881   0.896662331300E-002  -0.450000000000E-003   0.359105695500E-002
      882   0.863848190600E-002  -0.450000000000E-003   0.172952927000E-002
      883   0.141307738100E-002  -0.100000000000E-002   0.208253319800E-002
      884  -0.133552990100E-003  -0.100000000000E-002   0.239878591100E-002
      885   0.196717752000E-002  -0.450000000000E-003   0.326911385400E-002
      886   0.165607947300E-002  -0.450000000000E-003   0.572730478500E-002
      887   0.391456199600E-003  -0.450000000000E-003   0.413925053700E-002
      888   0.592177527200E-003  -0.450000000000E-003   0.251911381800E-002
      889   0.177495588500E-002  -0.100000000000E-002  -0.504965380300E-002
      890   0.188926417800E-002  -0.100000000000E-002  -0.394205247700E-002
      891   0.281426437200E-002  -0.100000000000E-002  -0.333704719300E-002
      892   0.303271736900E-002  -0.100000000000E-002  -0.534324122900E-002
      893  -0.517368483500E-002  -0.100000000000E-002   0.635629699400E-002
      894  -0.464532066000E-002  -0.450000000000E-003   0.791315313600E-002
      895  -0.276470138500E-002  -0.450000000000E-003   0.820416083100E-002
      896  -0.354455234000E-002  -0.450000000000E-003   0.657249891100E-002
      897   0.855234312700E-002  -0.100000000000E-002   0.547548382900E-002
      898   0.117988711400E-001  -0.100000000000E-002   0.470673382600E-002
      899   0.956672808500E-002  -0.450000000000E-003   0.668887667500E-002
      900   0.113493471000E-001  -0.450000000000E-003   0.611667093500E-002

   NODE        X                   Y                   Z
      901   0.100118338600E-001  -0.450000000000E-003   0.500673385000E-002
      902   0.117988711400E-001  -0.450000000000E-003   0.470673382600E-002
      903   0.456280429000E-003  -0.100000000000E-002   0.943091350100E-003
      904   0.236459959100E-002  -0.100000000000E-002  -0.789761737200E-003
      905   0.255701093900E-002  -0.450000000000E-003   0.181341929300E-002
      906   0.180848815000E-002  -0.450000000000E-003  -0.563371030500E-004
      907   0.313717454800E-002  -0.450000000000E-003   0.410036285100E-003
      908   0.118201094600E-002  -0.450000000000E-003   0.106341925800E-002
      909   0.756789460500E-002  -0.450000000000E-003   0.107355389800E-003
      910   0.731294115500E-002  -0.450000000000E-003  -0.149487000700E-002
      911   0.868987192100E-002  -0.450000000000E-003  -0.118948554200E-002
      912   0.882915105700E-002  -0.450000000000E-003   0.394499214800E-004
      913  -0.143618443000E-002  -0.450000000000E-003   0.144611152900E-003
      914  -0.268861793600E-002  -0.450000000000E-003   0.166845338600E-002
      915  -0.364619424700E-003  -0.450000000000E-003   0.137967197000E-002
      916  -0.874763374100E-002  -0.100000000000E-002   0.295653988600E-002
      917  -0.112214133900E-001  -0.100000000000E-002   0.397888461100E-002
      918  -0.972804608400E-002  -0.100000000000E-002   0.661006941200E-002
      919  -0.777777773300E-002  -0.100000000000E-002   0.449999997100E-002
      920  -0.856884410900E-002  -0.450000000000E-003   0.300730175200E-002

   NODE        X                   Y                   Z
      921  -0.100609593400E-001  -0.450000000000E-003   0.536133537500E-002
      922  -0.107836743100E-001  -0.450000000000E-003   0.408822582200E-002
      923  -0.931687329900E-002  -0.450000000000E-003   0.424712724000E-002
      924  -0.773356417000E-002  -0.450000000000E-003   0.451051096000E-002
      925  -0.865697567300E-002  -0.450000000000E-003   0.532788952400E-002
      926  -0.875778535600E-002  -0.100000000000E-002  -0.434366522800E-005
      927  -0.733096707500E-002  -0.100000000000E-002   0.308153984400E-002
      928  -0.812203345100E-002  -0.450000000000E-003   0.158884162400E-002
      929  -0.838829228000E-002  -0.450000000000E-003   0.129434062600E-003
      930  -0.887006264100E-002  -0.450000000000E-003   0.282866711300E-002
      931   0.651733221700E-002  -0.100000000000E-002   0.753718326100E-002
      932   0.794725530700E-002  -0.450000000000E-003   0.715089284900E-002
      933   0.668402020800E-002  -0.450000000000E-003   0.563467220500E-002
      934   0.839236108000E-002  -0.450000000000E-003   0.546875002300E-002
      935   0.637357895100E-002  -0.450000000000E-003   0.751979266100E-002
      936  -0.926164306300E-003  -0.100000000000E-002  -0.581578780900E-002
      937   0.761979701900E-003  -0.100000000000E-002  -0.452397400600E-002
      938   0.190543289300E-002  -0.100000000000E-002  -0.592516275900E-002
      939  -0.884525455300E-002  -0.450000000000E-003  -0.141298936200E-002
      940  -0.140621651500E-001  -0.100000000000E-002   0.478496142600E-002

   NODE        X                   Y                   Z
      941  -0.137597336700E-001  -0.450000000000E-003   0.478409833400E-002
      942  -0.128106433000E-001  -0.450000000000E-003   0.369211042000E-002
      943  -0.140698571200E-001  -0.450000000000E-003   0.375452826200E-002
      944  -0.141949184200E-001  -0.100000000000E-002   0.736857681100E-002
      945  -0.118877683500E-001  -0.100000000000E-002   0.879756939500E-002
      946  -0.138924869500E-001  -0.450000000000E-003   0.736771371900E-002
      947  -0.134743441700E-001  -0.450000000000E-003   0.879357752600E-002
      948   0.141759264900E-001  -0.100000000000E-002   0.620000002300E-002
      949   0.129764023300E-001  -0.450000000000E-003   0.580993710500E-002
      950   0.134259263700E-001  -0.450000000000E-003   0.439999999600E-002
      951   0.141759264900E-001  -0.450000000000E-003   0.620000002300E-002
      952  -0.145735164400E-001  -0.450000000000E-003   0.598629055100E-002
      953  -0.148836398800E-001  -0.450000000000E-003   0.495672047800E-002
      954   0.753171717400E-002  -0.450000000000E-003   0.875057610700E-002
      955   0.595804081900E-002  -0.450000000000E-003   0.911947591900E-002
      956  -0.105945610200E-001  -0.450000000000E-003   0.759640477400E-002
      957  -0.118482235900E-001  -0.450000000000E-003   0.884114694200E-002
      958  -0.957526832000E-002  -0.450000000000E-003   0.879756939500E-002
      959  -0.919057735700E-002  -0.450000000000E-003   0.756295892200E-002
      960  -0.715217744300E-002  -0.450000000000E-003   0.313230170900E-002

   NODE        X                   Y                   Z
      961  -0.583274689300E-002  -0.450000000000E-003   0.618185607100E-002
      962  -0.473197857300E-002  -0.450000000000E-003   0.484120184600E-002
      963  -0.631689750400E-002  -0.450000000000E-003   0.463551091800E-002
      964  -0.724030900700E-002  -0.450000000000E-003   0.545288948100E-002
      965   0.180128818900E-002  -0.100000000000E-002  -0.281136739600E-002
      966   0.124517674800E-002  -0.450000000000E-003  -0.207794276200E-002
      967   0.149259266100E-001  -0.450000000000E-003   0.800000005000E-002
      968   0.154660498200E-001  -0.725000000000E-003   0.880000003200E-002
      969   0.217017694200E-002  -0.450000000000E-003  -0.147293747800E-002
      970   0.349886333900E-002  -0.450000000000E-003  -0.100656409000E-002
      971   0.321480978100E-002  -0.450000000000E-003  -0.210597422300E-002
      972   0.489208358500E-002   0.100000000000E-003   0.220637777900E-002
      973   0.236258828900E-002   0.100000000000E-003   0.113024355200E-002
      974   0.280001303100E-002   0.100000000000E-003   0.545819088000E-002
      975   0.477314057300E-002   0.100000000000E-003   0.416592217700E-002
      976   0.369127468700E-002   0.100000000000E-003   0.159661694000E-002
      977   0.153538975800E-002   0.100000000000E-003   0.387013663200E-002
      978   0.173611108500E-002   0.100000000000E-003   0.224999991300E-002
      979  -0.663742501500E-002   0.100000000000E-003   0.675040883400E-004
      980  -0.611506487400E-002   0.100000000000E-003   0.185858310000E-002

   NODE        X                   Y                   Z
      981  -0.820950264800E-002   0.100000000000E-003   0.180195927900E-003
      982  -0.869127300900E-002   0.100000000000E-003   0.287942897800E-002
      983  -0.710796388000E-002   0.100000000000E-003   0.314281269800E-002
      984   0.107442592800E-001   0.100000000000E-003   0.779207995500E-002
      985   0.769840516600E-002   0.100000000000E-003   0.684806505100E-002
      986   0.940674603800E-002   0.100000000000E-003   0.668214286900E-002
      987   0.738796390800E-002   0.100000000000E-003   0.873318550700E-002
      988  -0.125992796200E-001   0.100000000000E-003   0.616654909800E-002
      989  -0.121811368400E-001   0.100000000000E-003   0.759241290500E-002
      990  -0.116501892400E-001   0.100000000000E-003   0.507456118300E-002
      991  -0.990818157100E-002   0.100000000000E-003   0.754883535800E-002
      992  -0.101833882300E-001   0.100000000000E-003   0.523346260200E-002
      993  -0.952349060900E-002   0.100000000000E-003   0.631422488500E-002
      994  -0.342376344300E-002   0.100000000000E-003   0.802971990800E-002
      995  -0.709663579500E-002   0.100000000000E-003   0.824435609600E-002
      996  -0.420361439800E-002   0.100000000000E-003   0.639805798800E-002
      997  -0.578853332900E-002   0.100000000000E-003   0.619236706000E-002
      998  -0.671194483200E-002   0.100000000000E-003   0.700974562300E-002
      999   0.655411308000E-002   0.100000000000E-003   0.337230000800E-002
     1000   0.826245395200E-002   0.100000000000E-003   0.320637782700E-002

   NODE        X                   Y                   Z
     1001   0.641810264200E-002   0.100000000000E-003  -0.189469786600E-003
     1002   0.779503340800E-002   0.100000000000E-003   0.115914677500E-003
     1003   0.547224719400E-002   0.100000000000E-003   0.802994771000E-003
     1004   0.793431254500E-002   0.100000000000E-003   0.134485014100E-002
     1005   0.111893650500E-001   0.100000000000E-003   0.610993712900E-002
     1006   0.129764023300E-001   0.100000000000E-003   0.580993710500E-002
     1007   0.137264024500E-001   0.100000000000E-003   0.760993713200E-002
     1008  -0.355681256500E-002   0.100000000000E-003  -0.123735853500E-002
     1009  -0.480924607000E-002   0.100000000000E-003   0.286483698800E-003
     1010  -0.690368384400E-002   0.100000000000E-003  -0.139190347300E-002
     1011  -0.839767087300E-004   0.100000000000E-003  -0.854817300300E-003
     1012   0.294275189800E-002   0.100000000000E-003  -0.273139455900E-003
     1013   0.265869834000E-002   0.100000000000E-003  -0.137254958900E-002
     1014   0.987588296600E-003   0.100000000000E-003   0.380243516600E-003
     1015   0.446204252600E-002   0.100000000000E-003   0.662411310900E-002
     1016   0.472885408600E-003   0.100000000000E-003   0.811855470700E-002
     1017   0.415160126900E-002   0.100000000000E-003   0.850923356500E-002
     1018   0.122429171100E-002   0.100000000000E-003   0.632832756300E-002
     1019   0.814351093900E-002   0.100000000000E-003   0.516592222500E-002
     1020   0.612472881000E-002   0.100000000000E-003   0.721696486200E-002

   NODE        X                   Y                   Z
     1021  -0.303445242400E-002   0.100000000000E-003   0.553720476900E-003
     1022  -0.710453912700E-003   0.100000000000E-003   0.264939060300E-003
     1023  -0.232299512300E-002   0.100000000000E-003   0.668906568300E-002
     1024  -0.791737865300E-003   0.100000000000E-003   0.653050045900E-002
     1025  -0.369486600400E-002   0.100000000000E-003   0.356748323700E-002
     1026  -0.527978493500E-002   0.100000000000E-003   0.336179230900E-002
     1027  -0.196288741800E-002   0.100000000000E-003   0.178878129400E-002
     1028   0.116388890900E-001   0.100000000000E-003   0.470000002000E-002
     1029   0.952371040400E-002   0.100000000000E-003   0.313847235800E-002
     1030  -0.138529421900E-001   0.100000000000E-003   0.741129126700E-002
     1031  -0.133219945900E-001   0.100000000000E-003   0.489343954500E-002
     1032  -0.145812084100E-001   0.100000000000E-003   0.495585738700E-002
     1033   0.754007995800E-002   0.100000000000E-003  -0.148631071900E-002
     1034   0.521729374400E-002   0.100000000000E-003  -0.799230625400E-003
     1035   0.493324018600E-002   0.100000000000E-003  -0.189864075800E-002
     1036   0.905628986000E-002   0.100000000000E-003   0.480092091500E-004
     1037   0.141759264900E-001   0.100000000000E-003   0.620000002300E-002
     1038   0.398738473800E-002   0.100000000000E-003  -0.906176200500E-003
     1039  -0.111618441400E-001   0.100000000000E-003   0.879357752600E-002
     1040  -0.109061032100E-001   0.100000000000E-003   0.396035304800E-002

   NODE        X                   Y                   Z
     1041  -0.136321180300E-001   0.100000000000E-003   0.386386947200E-002
     1042  -0.850419790900E-002   0.100000000000E-003   0.751538950600E-002
     1043  -0.468776500900E-002   0.100000000000E-003   0.485171283500E-002
     1044  -0.157158882000E-002   0.100000000000E-003   0.489883853900E-002
     1045  -0.137086749300E-002   0.100000000000E-003   0.327870182000E-002
     1046  -0.785599306900E-002   0.100000000000E-003   0.438263818700E-002
     1047  -0.877940457200E-002   0.100000000000E-003   0.520001675000E-002
     1048  -0.719609544300E-002   0.100000000000E-003   0.546340047000E-002
     1049   0.160389765000E-003   0.100000000000E-003   0.312013659600E-002
     1050   0.154660498200E-001  -0.175000000000E-003   0.880000003200E-002

